This is pdfTeX, Version 3.141592653-2.6-1.40.24 (MiKTeX 22.10) (preloaded format=pdflatex 2022.10.24)  6 JAN 2023 15:57
entering extended mode
 restricted \write18 enabled.
 file:line:error style messages enabled.
 %&-line parsing enabled.
**c:/Users/lilin/Desktop/Research/Robust-Machine-Learning-for-Yield-Curve-Estimation/Project/main.tex
(c:/Users/lilin/Desktop/Research/Robust-Machine-Learning-for-Yield-Curve-Estimation/Project/main.tex
LaTeX2e <2022-06-01> patch level 5
L3 programming layer <2022-09-28> (D:\MiKTeX\tex/latex/base\article.cls
Document Class: article 2021/10/04 v1.4n Standard LaTeX document class
(D:\MiKTeX\tex/latex/base\size12.clo
File: size12.clo 2021/10/04 v1.4n Standard LaTeX file (size option)
)
\c@part=\count185
\c@section=\count186
\c@subsection=\count187
\c@subsubsection=\count188
\c@paragraph=\count189
\c@subparagraph=\count190
\c@figure=\count191
\c@table=\count192
\abovecaptionskip=\skip47
\belowcaptionskip=\skip48
\bibindent=\dimen138
) (general.tex (D:\MiKTeX\tex/generic/babel\babel.sty
Package: babel 2022/10/04 3.81 The Babel package
\babel@savecnt=\count193
\U@D=\dimen139
\l@unhyphenated=\language79
 (D:\MiKTeX\tex/generic/babel\txtbabel.def)
\bbl@readstream=\read2
\bbl@dirlevel=\count194

*************************************
* Local config file bblopts.cfg used
*
(D:\MiKTeX\tex/latex/arabi\bblopts.cfg
File: bblopts.cfg 2005/09/08 v0.1 add Arabic and Farsi to "declared" options of babel
) (D:\MiKTeX\tex/latex/babel-german\german.ldf
Language: german 2021/02/27 v2.13 German support for babel (pre-1996 orthography)
 (D:\MiKTeX\tex/latex/babel-german\germanb.ldf
Language: germanb 2021/02/27 v2.13 German support for babel (pre-1996 orthography)
Package babel Info: Making " an active character on input line 139.
)) (D:\MiKTeX\tex/latex/babel-english\english.ldf
Language: english 2017/06/06 v3.3r English support from the babel system
Package babel Info: Hyphen rules for 'canadian' set to \l@english
(babel)             (\language0). Reported on input line 102.
Package babel Info: Hyphen rules for 'australian' set to \l@ukenglish
(babel)             (\language73). Reported on input line 105.
Package babel Info: Hyphen rules for 'newzealand' set to \l@ukenglish
(babel)             (\language73). Reported on input line 108.
)) (D:\MiKTeX\tex/generic/babel/locale/en\babel-english.tex
Package babel Info: Importing font and identification data for english
(babel)             from babel-en.ini. Reported on input line 11.
) (D:\MiKTeX\tex/generic/babel/locale/de\babel-german.tex
Package babel Info: Importing font and identification data for german
(babel)             from babel-de.ini. Reported on input line 25.
) (D:\MiKTeX\tex/latex/booktabs\booktabs.sty
Package: booktabs 2020/01/12 v1.61803398 Publication quality tables
\heavyrulewidth=\dimen140
\lightrulewidth=\dimen141
\cmidrulewidth=\dimen142
\belowrulesep=\dimen143
\belowbottomsep=\dimen144
\aboverulesep=\dimen145
\abovetopsep=\dimen146
\cmidrulesep=\dimen147
\cmidrulekern=\dimen148
\defaultaddspace=\dimen149
\@cmidla=\count195
\@cmidlb=\count196
\@aboverulesep=\dimen150
\@belowrulesep=\dimen151
\@thisruleclass=\count197
\@lastruleclass=\count198
\@thisrulewidth=\dimen152
) (D:\MiKTeX\tex/latex/comment\comment.sty
\CommentStream=\write3
 Excluding comment 'comment') (D:\MiKTeX\tex/latex/base\inputenc.sty
Package: inputenc 2021/02/14 v1.3d Input encoding file
\inpenc@prehook=\toks16
\inpenc@posthook=\toks17
) (D:\MiKTeX\tex/latex/base\fontenc.sty
Package: fontenc 2021/04/29 v2.0v Standard LaTeX package
) (D:\MiKTeX\tex/latex/amsmath\amsmath.sty
Package: amsmath 2022/04/08 v2.17n AMS math features
\@mathmargin=\skip49

For additional information on amsmath, use the `?' option.
(D:\MiKTeX\tex/latex/amsmath\amstext.sty
Package: amstext 2021/08/26 v2.01 AMS text
 (D:\MiKTeX\tex/latex/amsmath\amsgen.sty
File: amsgen.sty 1999/11/30 v2.0 generic functions
\@emptytoks=\toks18
\ex@=\dimen153
)) (D:\MiKTeX\tex/latex/amsmath\amsbsy.sty
Package: amsbsy 1999/11/29 v1.2d Bold Symbols
\pmbraise@=\dimen154
) (D:\MiKTeX\tex/latex/amsmath\amsopn.sty
Package: amsopn 2022/04/08 v2.04 operator names
)
\inf@bad=\count199
LaTeX Info: Redefining \frac on input line 234.
\uproot@=\count266
\leftroot@=\count267
LaTeX Info: Redefining \overline on input line 399.
LaTeX Info: Redefining \colon on input line 410.
\classnum@=\count268
\DOTSCASE@=\count269
LaTeX Info: Redefining \ldots on input line 496.
LaTeX Info: Redefining \dots on input line 499.
LaTeX Info: Redefining \cdots on input line 620.
\Mathstrutbox@=\box51
\strutbox@=\box52
LaTeX Info: Redefining \big on input line 722.
LaTeX Info: Redefining \Big on input line 723.
LaTeX Info: Redefining \bigg on input line 724.
LaTeX Info: Redefining \Bigg on input line 725.
\big@size=\dimen155
LaTeX Font Info:    Redeclaring font encoding OML on input line 743.
LaTeX Font Info:    Redeclaring font encoding OMS on input line 744.
\macc@depth=\count270
LaTeX Info: Redefining \bmod on input line 905.
LaTeX Info: Redefining \pmod on input line 910.
LaTeX Info: Redefining \smash on input line 940.
LaTeX Info: Redefining \relbar on input line 970.
LaTeX Info: Redefining \Relbar on input line 971.
\c@MaxMatrixCols=\count271
\dotsspace@=\muskip16
\c@parentequation=\count272
\dspbrk@lvl=\count273
\tag@help=\toks19
\row@=\count274
\column@=\count275
\maxfields@=\count276
\andhelp@=\toks20
\eqnshift@=\dimen156
\alignsep@=\dimen157
\tagshift@=\dimen158
\tagwidth@=\dimen159
\totwidth@=\dimen160
\lineht@=\dimen161
\@envbody=\toks21
\multlinegap=\skip50
\multlinetaggap=\skip51
\mathdisplay@stack=\toks22
LaTeX Info: Redefining \[ on input line 2953.
LaTeX Info: Redefining \] on input line 2954.
) (D:\MiKTeX\tex/latex/amsfonts\amsfonts.sty
Package: amsfonts 2013/01/14 v3.01 Basic AMSFonts support
\symAMSa=\mathgroup4
\symAMSb=\mathgroup5
LaTeX Font Info:    Redeclaring math symbol \hbar on input line 98.
LaTeX Font Info:    Overwriting math alphabet `\mathfrak' in version `bold'
(Font)                  U/euf/m/n --> U/euf/b/n on input line 106.
) (D:\MiKTeX\tex/latex/amscls\amsthm.sty
Package: amsthm 2020/05/29 v2.20.6
\thm@style=\toks23
\thm@bodyfont=\toks24
\thm@headfont=\toks25
\thm@notefont=\toks26
\thm@headpunct=\toks27
\thm@preskip=\skip52
\thm@postskip=\skip53
\thm@headsep=\skip54
\dth@everypar=\toks28
) (D:\MiKTeX\tex/latex/pgf/frontendlayer\tikz.sty (D:\MiKTeX\tex/latex/pgf/basiclayer\pgf.sty (D:\MiKTeX\tex/latex/pgf/utilities\pgfrcs.sty (D:\MiKTeX\tex/generic/pgf/utilities\pgfutil-common.tex
\pgfutil@everybye=\toks29
\pgfutil@tempdima=\dimen162
\pgfutil@tempdimb=\dimen163
 (D:\MiKTeX\tex/generic/pgf/utilities\pgfutil-common-lists.tex)) (D:\MiKTeX\tex/generic/pgf/utilities\pgfutil-latex.def
\pgfutil@abb=\box53
) (D:\MiKTeX\tex/generic/pgf/utilities\pgfrcs.code.tex (D:\MiKTeX\tex/generic/pgf\pgf.revision.tex)
Package: pgfrcs 2021/05/15 v3.1.9a (3.1.9a)
))
Package: pgf 2021/05/15 v3.1.9a (3.1.9a)
 (D:\MiKTeX\tex/latex/pgf/basiclayer\pgfcore.sty (D:\MiKTeX\tex/latex/graphics\graphicx.sty
Package: graphicx 2021/09/16 v1.2d Enhanced LaTeX Graphics (DPC,SPQR)
 (D:\MiKTeX\tex/latex/graphics\keyval.sty
Package: keyval 2022/05/29 v1.15 key=value parser (DPC)
\KV@toks@=\toks30
) (D:\MiKTeX\tex/latex/graphics\graphics.sty
Package: graphics 2022/03/10 v1.4e Standard LaTeX Graphics (DPC,SPQR)
 (D:\MiKTeX\tex/latex/graphics\trig.sty
Package: trig 2021/08/11 v1.11 sin cos tan (DPC)
) (D:\MiKTeX\tex/latex/graphics-cfg\graphics.cfg
File: graphics.cfg 2016/06/04 v1.11 sample graphics configuration
)
Package graphics Info: Driver file: pdftex.def on input line 107.
 (D:\MiKTeX\tex/latex/graphics-def\pdftex.def
File: pdftex.def 2022/09/22 v1.2b Graphics/color driver for pdftex
\stockwidth=\dimen164
\stockheight=\dimen165
))
\Gin@req@height=\dimen166
\Gin@req@width=\dimen167
) (D:\MiKTeX\tex/latex/pgf/systemlayer\pgfsys.sty (D:\MiKTeX\tex/generic/pgf/systemlayer\pgfsys.code.tex
Package: pgfsys 2021/05/15 v3.1.9a (3.1.9a)
 (D:\MiKTeX\tex/generic/pgf/utilities\pgfkeys.code.tex
\pgfkeys@pathtoks=\toks31
\pgfkeys@temptoks=\toks32
 (D:\MiKTeX\tex/generic/pgf/utilities\pgfkeysfiltered.code.tex
\pgfkeys@tmptoks=\toks33
))
\pgf@x=\dimen168
\pgf@y=\dimen169
\pgf@xa=\dimen170
\pgf@ya=\dimen171
\pgf@xb=\dimen172
\pgf@yb=\dimen173
\pgf@xc=\dimen174
\pgf@yc=\dimen175
\pgf@xd=\dimen176
\pgf@yd=\dimen177
\w@pgf@writea=\write4
\r@pgf@reada=\read3
\c@pgf@counta=\count277
\c@pgf@countb=\count278
\c@pgf@countc=\count279
\c@pgf@countd=\count280
\t@pgf@toka=\toks34
\t@pgf@tokb=\toks35
\t@pgf@tokc=\toks36
\pgf@sys@id@count=\count281
 (D:\MiKTeX\tex/generic/pgf/systemlayer\pgf.cfg
File: pgf.cfg 2021/05/15 v3.1.9a (3.1.9a)
)
Driver file for pgf: pgfsys-pdftex.def
 (D:\MiKTeX\tex/generic/pgf/systemlayer\pgfsys-pdftex.def
File: pgfsys-pdftex.def 2021/05/15 v3.1.9a (3.1.9a)
 (D:\MiKTeX\tex/generic/pgf/systemlayer\pgfsys-common-pdf.def
File: pgfsys-common-pdf.def 2021/05/15 v3.1.9a (3.1.9a)
))) (D:\MiKTeX\tex/generic/pgf/systemlayer\pgfsyssoftpath.code.tex
File: pgfsyssoftpath.code.tex 2021/05/15 v3.1.9a (3.1.9a)
\pgfsyssoftpath@smallbuffer@items=\count282
\pgfsyssoftpath@bigbuffer@items=\count283
) (D:\MiKTeX\tex/generic/pgf/systemlayer\pgfsysprotocol.code.tex
File: pgfsysprotocol.code.tex 2021/05/15 v3.1.9a (3.1.9a)
)) (D:\MiKTeX\tex/latex/xcolor\xcolor.sty
Package: xcolor 2022/06/12 v2.14 LaTeX color extensions (UK)
 (D:\MiKTeX\tex/latex/graphics-cfg\color.cfg
File: color.cfg 2016/01/02 v1.6 sample color configuration
)
Package xcolor Info: Driver file: pdftex.def on input line 227.
 (D:\MiKTeX\tex/latex/graphics\mathcolor.ltx)
Package xcolor Info: Model `cmy' substituted by `cmy0' on input line 1353.
Package xcolor Info: Model `hsb' substituted by `rgb' on input line 1357.
Package xcolor Info: Model `RGB' extended on input line 1369.
Package xcolor Info: Model `HTML' substituted by `rgb' on input line 1371.
Package xcolor Info: Model `Hsb' substituted by `hsb' on input line 1372.
Package xcolor Info: Model `tHsb' substituted by `hsb' on input line 1373.
Package xcolor Info: Model `HSB' substituted by `hsb' on input line 1374.
Package xcolor Info: Model `Gray' substituted by `gray' on input line 1375.
Package xcolor Info: Model `wave' substituted by `hsb' on input line 1376.
) (D:\MiKTeX\tex/generic/pgf/basiclayer\pgfcore.code.tex
Package: pgfcore 2021/05/15 v3.1.9a (3.1.9a)
 (D:\MiKTeX\tex/generic/pgf/math\pgfmath.code.tex (D:\MiKTeX\tex/generic/pgf/math\pgfmathcalc.code.tex (D:\MiKTeX\tex/generic/pgf/math\pgfmathutil.code.tex) (D:\MiKTeX\tex/generic/pgf/math\pgfmathparser.code.tex
\pgfmath@dimen=\dimen178
\pgfmath@count=\count284
\pgfmath@box=\box54
\pgfmath@toks=\toks37
\pgfmath@stack@operand=\toks38
\pgfmath@stack@operation=\toks39
) (D:\MiKTeX\tex/generic/pgf/math\pgfmathfunctions.code.tex (D:\MiKTeX\tex/generic/pgf/math\pgfmathfunctions.basic.code.tex) (D:\MiKTeX\tex/generic/pgf/math\pgfmathfunctions.trigonometric.code.tex) (D:\MiKTeX\tex/generic/pgf/math\pgfmathfunctions.random.code.tex) (D:\MiKTeX\tex/generic/pgf/math\pgfmathfunctions.comparison.code.tex) (D:\MiKTeX\tex/generic/pgf/math\pgfmathfunctions.base.code.tex) (D:\MiKTeX\tex/generic/pgf/math\pgfmathfunctions.round.code.tex) (D:\MiKTeX\tex/generic/pgf/math\pgfmathfunctions.misc.code.tex) (D:\MiKTeX\tex/generic/pgf/math\pgfmathfunctions.integerarithmetics.code.tex))) (D:\MiKTeX\tex/generic/pgf/math\pgfmathfloat.code.tex
\c@pgfmathroundto@lastzeros=\count285
)) (D:\MiKTeX\tex/generic/pgf/math\pgfint.code.tex) (D:\MiKTeX\tex/generic/pgf/basiclayer\pgfcorepoints.code.tex
File: pgfcorepoints.code.tex 2021/05/15 v3.1.9a (3.1.9a)
\pgf@picminx=\dimen179
\pgf@picmaxx=\dimen180
\pgf@picminy=\dimen181
\pgf@picmaxy=\dimen182
\pgf@pathminx=\dimen183
\pgf@pathmaxx=\dimen184
\pgf@pathminy=\dimen185
\pgf@pathmaxy=\dimen186
\pgf@xx=\dimen187
\pgf@xy=\dimen188
\pgf@yx=\dimen189
\pgf@yy=\dimen190
\pgf@zx=\dimen191
\pgf@zy=\dimen192
) (D:\MiKTeX\tex/generic/pgf/basiclayer\pgfcorepathconstruct.code.tex
File: pgfcorepathconstruct.code.tex 2021/05/15 v3.1.9a (3.1.9a)
\pgf@path@lastx=\dimen193
\pgf@path@lasty=\dimen194
) (D:\MiKTeX\tex/generic/pgf/basiclayer\pgfcorepathusage.code.tex
File: pgfcorepathusage.code.tex 2021/05/15 v3.1.9a (3.1.9a)
\pgf@shorten@end@additional=\dimen195
\pgf@shorten@start@additional=\dimen196
) (D:\MiKTeX\tex/generic/pgf/basiclayer\pgfcorescopes.code.tex
File: pgfcorescopes.code.tex 2021/05/15 v3.1.9a (3.1.9a)
\pgfpic=\box55
\pgf@hbox=\box56
\pgf@layerbox@main=\box57
\pgf@picture@serial@count=\count286
) (D:\MiKTeX\tex/generic/pgf/basiclayer\pgfcoregraphicstate.code.tex
File: pgfcoregraphicstate.code.tex 2021/05/15 v3.1.9a (3.1.9a)
\pgflinewidth=\dimen197
) (D:\MiKTeX\tex/generic/pgf/basiclayer\pgfcoretransformations.code.tex
File: pgfcoretransformations.code.tex 2021/05/15 v3.1.9a (3.1.9a)
\pgf@pt@x=\dimen198
\pgf@pt@y=\dimen199
\pgf@pt@temp=\dimen256
) (D:\MiKTeX\tex/generic/pgf/basiclayer\pgfcorequick.code.tex
File: pgfcorequick.code.tex 2021/05/15 v3.1.9a (3.1.9a)
) (D:\MiKTeX\tex/generic/pgf/basiclayer\pgfcoreobjects.code.tex
File: pgfcoreobjects.code.tex 2021/05/15 v3.1.9a (3.1.9a)
) (D:\MiKTeX\tex/generic/pgf/basiclayer\pgfcorepathprocessing.code.tex
File: pgfcorepathprocessing.code.tex 2021/05/15 v3.1.9a (3.1.9a)
) (D:\MiKTeX\tex/generic/pgf/basiclayer\pgfcorearrows.code.tex
File: pgfcorearrows.code.tex 2021/05/15 v3.1.9a (3.1.9a)
\pgfarrowsep=\dimen257
) (D:\MiKTeX\tex/generic/pgf/basiclayer\pgfcoreshade.code.tex
File: pgfcoreshade.code.tex 2021/05/15 v3.1.9a (3.1.9a)
\pgf@max=\dimen258
\pgf@sys@shading@range@num=\count287
\pgf@shadingcount=\count288
) (D:\MiKTeX\tex/generic/pgf/basiclayer\pgfcoreimage.code.tex
File: pgfcoreimage.code.tex 2021/05/15 v3.1.9a (3.1.9a)
 (D:\MiKTeX\tex/generic/pgf/basiclayer\pgfcoreexternal.code.tex
File: pgfcoreexternal.code.tex 2021/05/15 v3.1.9a (3.1.9a)
\pgfexternal@startupbox=\box58
)) (D:\MiKTeX\tex/generic/pgf/basiclayer\pgfcorelayers.code.tex
File: pgfcorelayers.code.tex 2021/05/15 v3.1.9a (3.1.9a)
) (D:\MiKTeX\tex/generic/pgf/basiclayer\pgfcoretransparency.code.tex
File: pgfcoretransparency.code.tex 2021/05/15 v3.1.9a (3.1.9a)
) (D:\MiKTeX\tex/generic/pgf/basiclayer\pgfcorepatterns.code.tex
File: pgfcorepatterns.code.tex 2021/05/15 v3.1.9a (3.1.9a)
) (D:\MiKTeX\tex/generic/pgf/basiclayer\pgfcorerdf.code.tex
File: pgfcorerdf.code.tex 2021/05/15 v3.1.9a (3.1.9a)
))) (D:\MiKTeX\tex/generic/pgf/modules\pgfmoduleshapes.code.tex
File: pgfmoduleshapes.code.tex 2021/05/15 v3.1.9a (3.1.9a)
\pgfnodeparttextbox=\box59
) (D:\MiKTeX\tex/generic/pgf/modules\pgfmoduleplot.code.tex
File: pgfmoduleplot.code.tex 2021/05/15 v3.1.9a (3.1.9a)
) (D:\MiKTeX\tex/latex/pgf/compatibility\pgfcomp-version-0-65.sty
Package: pgfcomp-version-0-65 2021/05/15 v3.1.9a (3.1.9a)
\pgf@nodesepstart=\dimen259
\pgf@nodesepend=\dimen260
) (D:\MiKTeX\tex/latex/pgf/compatibility\pgfcomp-version-1-18.sty
Package: pgfcomp-version-1-18 2021/05/15 v3.1.9a (3.1.9a)
)) (D:\MiKTeX\tex/latex/pgf/utilities\pgffor.sty (D:\MiKTeX\tex/latex/pgf/utilities\pgfkeys.sty (D:\MiKTeX\tex/generic/pgf/utilities\pgfkeys.code.tex)) (D:\MiKTeX\tex/latex/pgf/math\pgfmath.sty (D:\MiKTeX\tex/generic/pgf/math\pgfmath.code.tex)) (D:\MiKTeX\tex/generic/pgf/utilities\pgffor.code.tex
Package: pgffor 2021/05/15 v3.1.9a (3.1.9a)
 (D:\MiKTeX\tex/generic/pgf/math\pgfmath.code.tex)
\pgffor@iter=\dimen261
\pgffor@skip=\dimen262
\pgffor@stack=\toks40
\pgffor@toks=\toks41
)) (D:\MiKTeX\tex/generic/pgf/frontendlayer/tikz\tikz.code.tex
Package: tikz 2021/05/15 v3.1.9a (3.1.9a)
 (D:\MiKTeX\tex/generic/pgf/libraries\pgflibraryplothandlers.code.tex
File: pgflibraryplothandlers.code.tex 2021/05/15 v3.1.9a (3.1.9a)
\pgf@plot@mark@count=\count289
\pgfplotmarksize=\dimen263
)
\tikz@lastx=\dimen264
\tikz@lasty=\dimen265
\tikz@lastxsaved=\dimen266
\tikz@lastysaved=\dimen267
\tikz@lastmovetox=\dimen268
\tikz@lastmovetoy=\dimen269
\tikzleveldistance=\dimen270
\tikzsiblingdistance=\dimen271
\tikz@figbox=\box60
\tikz@figbox@bg=\box61
\tikz@tempbox=\box62
\tikz@tempbox@bg=\box63
\tikztreelevel=\count290
\tikznumberofchildren=\count291
\tikznumberofcurrentchild=\count292
\tikz@fig@count=\count293
 (D:\MiKTeX\tex/generic/pgf/modules\pgfmodulematrix.code.tex
File: pgfmodulematrix.code.tex 2021/05/15 v3.1.9a (3.1.9a)
\pgfmatrixcurrentrow=\count294
\pgfmatrixcurrentcolumn=\count295
\pgf@matrix@numberofcolumns=\count296
)
\tikz@expandcount=\count297
 (D:\MiKTeX\tex/generic/pgf/frontendlayer/tikz/libraries\tikzlibrarytopaths.code.tex
File: tikzlibrarytopaths.code.tex 2021/05/15 v3.1.9a (3.1.9a)
))) (D:\MiKTeX\tex/latex/tikz-cd\tikz-cd.sty
Package: tikz-cd 2021/05/04 v1.0 Commutative diagrams with TikZ
 (D:\MiKTeX\tex/latex/tikz-cd\tikzlibrarycd.code.tex (D:\MiKTeX\tex/generic/pgf/frontendlayer/tikz/libraries\tikzlibrarymatrix.code.tex
File: tikzlibrarymatrix.code.tex 2021/05/15 v3.1.9a (3.1.9a)
) (D:\MiKTeX\tex/generic/pgf/frontendlayer/tikz/libraries\tikzlibraryquotes.code.tex
File: tikzlibraryquotes.code.tex 2021/05/15 v3.1.9a (3.1.9a)
) (D:\MiKTeX\tex/generic/pgf/libraries\pgflibraryarrows.meta.code.tex
File: pgflibraryarrows.meta.code.tex 2021/05/15 v3.1.9a (3.1.9a)
\pgfarrowinset=\dimen272
\pgfarrowlength=\dimen273
\pgfarrowwidth=\dimen274
\pgfarrowlinewidth=\dimen275
))) (D:\MiKTeX\tex/generic/pgf/frontendlayer/tikz/libraries\tikzlibrarypositioning.code.tex
File: tikzlibrarypositioning.code.tex 2021/05/15 v3.1.9a (3.1.9a)
) (D:\MiKTeX\tex/generic/pgf/frontendlayer/tikz/libraries\tikzlibraryarrows.code.tex
File: tikzlibraryarrows.code.tex 2021/05/15 v3.1.9a (3.1.9a)
 (D:\MiKTeX\tex/generic/pgf/libraries\pgflibraryarrows.code.tex
File: pgflibraryarrows.code.tex 2021/05/15 v3.1.9a (3.1.9a)
\arrowsize=\dimen276
)) (D:\MiKTeX\tex/generic/pgf/frontendlayer/tikz/libraries\tikzlibrarydecorations.pathreplacing.code.tex (D:\MiKTeX\tex/generic/pgf/frontendlayer/tikz/libraries\tikzlibrarydecorations.code.tex (D:\MiKTeX\tex/generic/pgf/modules\pgfmoduledecorations.code.tex
\pgfdecoratedcompleteddistance=\dimen277
\pgfdecoratedremainingdistance=\dimen278
\pgfdecoratedinputsegmentcompleteddistance=\dimen279
\pgfdecoratedinputsegmentremainingdistance=\dimen280
\pgf@decorate@distancetomove=\dimen281
\pgf@decorate@repeatstate=\count298
\pgfdecorationsegmentamplitude=\dimen282
\pgfdecorationsegmentlength=\dimen283
)
\tikz@lib@dec@box=\box64
) (D:\MiKTeX\tex/generic/pgf/libraries/decorations\pgflibrarydecorations.pathreplacing.code.tex)) (D:\MiKTeX\tex/latex/tikzsymbols\tikzsymbols.sty (D:\MiKTeX\tex/latex/l3packages/xparse\xparse.sty (D:\MiKTeX\tex/latex/l3kernel\expl3.sty
Package: expl3 2022-09-28 L3 programming layer (loader) 
 (D:\MiKTeX\tex/latex/l3backend\l3backend-pdftex.def
File: l3backend-pdftex.def 2022-09-28 L3 backend support: PDF output (pdfTeX)
\l__color_backend_stack_int=\count299
\l__pdf_internal_box=\box65
))
Package: xparse 2022-06-22 L3 Experimental document command parser
)
Package: tikzsymbols 2021/12/14 v4.12a Some symbols created using tikz and LaTeX3.
 (D:\MiKTeX\tex/latex/tools\xspace.sty
Package: xspace 2014/10/28 v1.13 Space after command names (DPC,MH)
) (D:\MiKTeX\tex/latex/l3packages/l3keys2e\l3keys2e.sty
Package: l3keys2e 2022-06-22 LaTeX2e option processing using LaTeX3 keys
) (D:\MiKTeX\tex/generic/pgf/frontendlayer/tikz/libraries\tikzlibrarydecorations.pathmorphing.code.tex (D:\MiKTeX\tex/generic/pgf/libraries/decorations\pgflibrarydecorations.pathmorphing.code.tex)) (D:\MiKTeX\tex/generic/pgf/frontendlayer/tikz/libraries\tikzlibrarytrees.code.tex
File: tikzlibrarytrees.code.tex 2021/05/15 v3.1.9a (3.1.9a)
)
\l__tikzsymbols_Moai_thickness_dim=\dimen284
\l__tikzsymbols_Kochtopf_nr_arguments_int=\count300
\l__tikzsymbols_Bratpfanne_nr_arguments_int=\count301
\l__tikzsymbols_Schneebesen_nr_arguments_int=\count302
\l__tikzsymbols_Sieb_nr_arguments_int=\count303
\l__tikzsymbols_Purierstab_nr_arguments_int=\count304
\l__tikzsymbols_Dreizack_nr_arguments_int=\count305
\l__tikzsymbols_Backblech_nr_arguments_int=\count306
\l__tikzsymbols_Ofen_nr_arguments_int=\count307
\l__tikzsymbols_Pfanne_nr_arguments_int=\count308
\l__tikzsymbols_Herd_nr_arguments_int=\count309
\l__tikzsymbols_Saftpresse_nr_arguments_int=\count310
\l__tikzsymbols_Schussel_nr_arguments_int=\count311
\l__tikzsymbols_Schaler_nr_arguments_int=\count312
\l__tikzsymbols_Reibe_nr_arguments_int=\count313
\l__tikzsymbols_Flasche_nr_arguments_int=\count314
\l__tikzsymbols_Nudelholz_nr_arguments_int=\count315
\l__tikzsymbols_Knoblauchpresse_nr_arguments_int=\count316
\l__tikzsymbols_Sadey_nr_arguments_int=\count317
\l__tikzsymbols_dSadey_nr_arguments_int=\count318
\l__tikzsymbols_Changey_nr_arguments_int=\count319
\l__tikzsymbols_dChangey_nr_arguments_int=\count320
\l__tikzsymbols_cChangey_nr_arguments_int=\count321
\l__tikzsymbols_dcChangey_nr_arguments_int=\count322
\l__tikzsymbols_Annoey_nr_arguments_int=\count323
\l__tikzsymbols_dAnnoey_nr_arguments_int=\count324
\l__tikzsymbols_Smiley_nr_arguments_int=\count325
\l__tikzsymbols_dSmiley_nr_arguments_int=\count326
\l__tikzsymbols_Laughey_nr_arguments_int=\count327
\l__tikzsymbols_dLaughey_nr_arguments_int=\count328
\l__tikzsymbols_Neutrey_nr_arguments_int=\count329
\l__tikzsymbols_dNeutrey_nr_arguments_int=\count330
\l__tikzsymbols_Winkey_nr_arguments_int=\count331
\l__tikzsymbols_oldWinkey_nr_arguments_int=\count332
\l__tikzsymbols_dWinkey_nr_arguments_int=\count333
\l__tikzsymbols_olddWinkey_nr_arguments_int=\count334
\l__tikzsymbols_Sey_nr_arguments_int=\count335
\l__tikzsymbols_dSey_nr_arguments_int=\count336
\l__tikzsymbols_Xey_nr_arguments_int=\count337
\l__tikzsymbols_dXey_nr_arguments_int=\count338
\l__tikzsymbols_Innocey_nr_arguments_int=\count339
\l__tikzsymbols_wInnocey_nr_arguments_int=\count340
\l__tikzsymbols_dInnocey_nr_arguments_int=\count341
\l__tikzsymbols_Cooley_nr_arguments_int=\count342
\l__tikzsymbols_dCooley_nr_arguments_int=\count343
\l__tikzsymbols_Tongey_nr_arguments_int=\count344
\l__tikzsymbols_dTongey_nr_arguments_int=\count345
\l__tikzsymbols_Nursey_nr_arguments_int=\count346
\l__tikzsymbols_dNursey_nr_arguments_int=\count347
\l__tikzsymbols_Vomey_nr_arguments_int=\count348
\l__tikzsymbols_dVomey_nr_arguments_int=\count349
\l__tikzsymbols_Walley_nr_arguments_int=\count350
\l__tikzsymbols_rWalley_nr_arguments_int=\count351
\l__tikzsymbols_dWalley_nr_arguments_int=\count352
\l__tikzsymbols_drWalley_nr_arguments_int=\count353
\l__tikzsymbols_Cat_nr_arguments_int=\count354
\l__tikzsymbols_SchrodingersCat_nr_arguments_int=\count355
\l__tikzsymbols_Ninja_nr_arguments_int=\count356
\l__tikzsymbols_dNinja_nr_arguments_int=\count357
\l__tikzsymbols_Sleepey_nr_arguments_int=\count358
\l__tikzsymbols_dSleepey_nr_arguments_int=\count359
\l__tikzsymbols_Maskey_nr_arguments_int=\count360
\l__tikzsymbols_NiceReapey_nr_arguments_int=\count361
\l__tikzsymbols_Strichmaxerl_nr_arguments_int=\count362
\l__tikzsymbols_Person_nr_arguments_int=\count363
\l__tikzsymbols_Heart_nr_arguments_int=\count364
\l__tikzsymbols_dHeart_nr_arguments_int=\count365
\l__tikzsymbols_HeartBroken_nr_arguments_int=\count366
\l__tikzsymbols_Candle_nr_arguments_int=\count367
\l__tikzsymbols_Fire_nr_arguments_int=\count368
\l__tikzsymbols_Coffeecup_nr_arguments_int=\count369
\l__tikzsymbols_Chair_nr_arguments_int=\count370
\l__tikzsymbols_Bed_nr_arguments_int=\count371
\l__tikzsymbols_Tribar_nr_arguments_int=\count372
\l__tikzsymbols_Moai_nr_arguments_int=\count373
\l__tikzsymbols_Snowman_nr_arguments_int=\count374
\l__tikzsymbols_BasicTree_nr_arguments_int=\count375
\l__tikzsymbols_WorstTree_nr_arguments_int=\count376
\l__tikzsymbols_Springtree_nr_arguments_int=\count377
\l__tikzsymbols_Summertree_nr_arguments_int=\count378
\l__tikzsymbols_Autumntree_nr_arguments_int=\count379
\l__tikzsymbols_Wintertree_nr_arguments_int=\count380
) (D:\MiKTeX\tex/latex/blindtext\blindtext.sty
Package: blindtext 2012/01/06 V2.0 blindtext-Package
\c@blindtext=\count381
\c@Blindtext=\count382
\c@blind@countparstart=\count383
\blind@countxx=\count384
\blindtext@numBlindtext=\count385
\blind@countyy=\count386
\c@blindlist=\count387
\c@blindlistlevel=\count388
\c@blindlist@level=\count389
\blind@listitem=\count390
\c@blind@listcount=\count391
\c@blind@levelcount=\count392
\blind@mathformula=\count393
\blind@Mathformula=\count394
\c@blind@randomcount=\count395
\c@blind@randommax=\count396
\c@blind@pangramcount=\count397
\c@blind@pangrammax=\count398
) (D:\MiKTeX\tex/latex/geometry\geometry.sty
Package: geometry 2020/01/02 v5.9 Page Geometry
 (D:\MiKTeX\tex/generic/iftex\ifvtex.sty
Package: ifvtex 2019/10/25 v1.7 ifvtex legacy package. Use iftex instead.
 (D:\MiKTeX\tex/generic/iftex\iftex.sty
Package: iftex 2022/02/03 v1.0f TeX engine tests
))
\Gm@cnth=\count399
\Gm@cntv=\count400
\c@Gm@tempcnt=\count401
\Gm@bindingoffset=\dimen285
\Gm@wd@mp=\dimen286
\Gm@odd@mp=\dimen287
\Gm@even@mp=\dimen288
\Gm@layoutwidth=\dimen289
\Gm@layoutheight=\dimen290
\Gm@layouthoffset=\dimen291
\Gm@layoutvoffset=\dimen292
\Gm@dimlist=\toks42
 (D:\MiKTeX\tex/latex/geometry\geometry.cfg)) (D:\MiKTeX\tex/latex/setspace\setspace.sty
Package: setspace 2022/12/04 v6.7b set line spacing
) (D:\MiKTeX\tex/latex/base\fontenc.sty
Package: fontenc 2021/04/29 v2.0v Standard LaTeX package
) (D:\MiKTeX\tex/latex/xcharter\XCharter.sty
Package: XCharter 2022/04/16 v1.24
 `XCharter' v1.24, 2022/04/16 Text macros for XCharter, an extension of Charter (msharpe) (D:\MiKTeX\tex/latex/xkeyval\xkeyval.sty
Package: xkeyval 2022/06/16 v2.9 package option processing (HA)
 (D:\MiKTeX\tex/generic/xkeyval\xkeyval.tex (D:\MiKTeX\tex/generic/xkeyval\xkvutils.tex
\XKV@toks=\toks43
\XKV@tempa@toks=\toks44
)
\XKV@depth=\count402
File: xkeyval.tex 2014/12/03 v2.7a key=value parser (HA)
)) (D:\MiKTeX\tex/latex/etoolbox\etoolbox.sty
Package: etoolbox 2020/10/05 v2.5k e-TeX tools for LaTeX (JAW)
\etb@tempcnta=\count403
) (D:\MiKTeX\tex/latex/base\textcomp.sty
Package: textcomp 2020/02/02 v2.0n Standard LaTeX package
) (D:\MiKTeX\tex/latex/xstring\xstring.sty (D:\MiKTeX\tex/generic/xstring\xstring.tex
\integerpart=\count404
\decimalpart=\count405
)
Package: xstring 2021/07/21 v1.84 String manipulations (CT)
) (D:\MiKTeX\tex/latex/base\ifthen.sty
Package: ifthen 2022/04/13 v1.1d Standard LaTeX ifthen package (DPC)
) (D:\MiKTeX\tex/latex/carlisle\scalefnt.sty) (D:\MiKTeX\tex/latex/base\fontenc.sty
Package: fontenc 2021/04/29 v2.0v Standard LaTeX package
)
LaTeX Font Info:    Setting XCharter-LF sub-encoding to TS1/0 on input line 29.
LaTeX Font Info:    Changing XCharter-TLF sub-encoding to TS1/0 on input line 29.
LaTeX Font Info:    Setting XCharter-OsF sub-encoding to TS1/0 on input line 29.
LaTeX Font Info:    Changing XCharter-TOsF sub-encoding to TS1/0 on input line 29.
\xch@cnt=\count406
 (D:\MiKTeX\tex/latex/fontaxes\fontaxes.sty
Package: fontaxes 2020/07/21 v1.0e Font selection axes
LaTeX Info: Redefining \upshape on input line 29.
LaTeX Info: Redefining \itshape on input line 31.
LaTeX Info: Redefining \slshape on input line 33.
LaTeX Info: Redefining \swshape on input line 35.
LaTeX Info: Redefining \scshape on input line 37.
LaTeX Info: Redefining \sscshape on input line 39.
LaTeX Info: Redefining \ulcshape on input line 41.
LaTeX Info: Redefining \textsw on input line 47.
LaTeX Info: Redefining \textssc on input line 48.
LaTeX Info: Redefining \textulc on input line 49.
)
LaTeX Info: Redefining \textsu on input line 712.
LaTeX Info: Redefining \textde on input line 714.
LaTeX Info: Redefining \textinf on input line 716.
) (D:\MiKTeX\tex/latex/fancyhdr\fancyhdr.sty
Package: fancyhdr 2022/05/18 v4.0.3 Extensive control of page headers and footers
\f@nch@headwidth=\skip55
\f@nch@O@elh=\skip56
\f@nch@O@erh=\skip57
\f@nch@O@olh=\skip58
\f@nch@O@orh=\skip59
\f@nch@O@elf=\skip60
\f@nch@O@erf=\skip61
\f@nch@O@olf=\skip62
\f@nch@O@orf=\skip63
) (D:\MiKTeX\tex/latex/natbib\natbib.sty
Package: natbib 2010/09/13 8.31b (PWD, AO)
\bibhang=\skip64
\bibsep=\skip65
LaTeX Info: Redefining \cite on input line 694.
\c@NAT@ctr=\count407
) (D:\MiKTeX\tex/latex/har2nat\har2nat.sty
Package: har2nat 2005/12/01 1.0 Harvard to natbib
 (D:\MiKTeX\tex/latex/bigfoot\suffix.sty
Package: suffix 2006/07/15 1.5a Variant command support
)))
LaTeX Info: Redefining \oldstylenums on input line 12.
LaTeX Font Info:    Trying to load font information for T1+XCharter-TLF on input line 12.
 (D:\MiKTeX\tex/latex/xcharter\t1xcharter-tlf.fd
File: T1XCharter-TLF.fd 2017/06/25 (autoinst) Font definitions for T1/XCharter-TLF.
)
LaTeX Font Info:    Font shape `T1/XCharter-TLF/m/n' will be
(Font)              scaled to size 12.0pt on input line 12.
 (main.aux)
\openout1 = `main.aux'.

LaTeX Font Info:    Checking defaults for OML/cmm/m/it on input line 12.
LaTeX Font Info:    ... okay on input line 12.
LaTeX Font Info:    Checking defaults for OMS/cmsy/m/n on input line 12.
LaTeX Font Info:    ... okay on input line 12.
LaTeX Font Info:    Checking defaults for OT1/cmr/m/n on input line 12.
LaTeX Font Info:    ... okay on input line 12.
LaTeX Font Info:    Checking defaults for T1/cmr/m/n on input line 12.
LaTeX Font Info:    ... okay on input line 12.
LaTeX Font Info:    Checking defaults for TS1/cmr/m/n on input line 12.
LaTeX Font Info:    ... okay on input line 12.
LaTeX Font Info:    Checking defaults for OMX/cmex/m/n on input line 12.
LaTeX Font Info:    ... okay on input line 12.
LaTeX Font Info:    Checking defaults for U/cmr/m/n on input line 12.
LaTeX Font Info:    ... okay on input line 12.
 (D:\MiKTeX\tex/context/base/mkii\supp-pdf.mkii
[Loading MPS to PDF converter (version 2006.09.02).]
\scratchcounter=\count408
\scratchdimen=\dimen293
\scratchbox=\box66
\nofMPsegments=\count409
\nofMParguments=\count410
\everyMPshowfont=\toks45
\MPscratchCnt=\count411
\MPscratchDim=\dimen294
\MPnumerator=\count412
\makeMPintoPDFobject=\count413
\everyMPtoPDFconversion=\toks46
) (D:\MiKTeX\tex/latex/epstopdf-pkg\epstopdf-base.sty
Package: epstopdf-base 2020-01-24 v2.11 Base part for package epstopdf
Package epstopdf-base Info: Redefining graphics rule for `.eps' on input line 485.
 (D:\MiKTeX\tex/latex/00miktex\epstopdf-sys.cfg
File: epstopdf-sys.cfg 2021/03/18 v2.0 Configuration of epstopdf for MiKTeX
))
*geometry* driver: auto-detecting
*geometry* detected driver: pdftex
*geometry* verbose mode - [ preamble ] result:
* driver: pdftex
* paper: a4paper
* layout: <same size as paper>
* layoutoffset:(h,v)=(0.0pt,0.0pt)
* modes: includehead 
* h-part:(L,W,R)=(62.59596pt, 472.31595pt, 62.59596pt)
* v-part:(T,H,B)=(56.9055pt, 731.23584pt, 56.9055pt)
* \paperwidth=597.50787pt
* \paperheight=845.04684pt
* \textwidth=472.31595pt
* \textheight=694.23584pt
* \oddsidemargin=-9.67403pt
* \evensidemargin=-9.67403pt
* \topmargin=-15.36449pt
* \headheight=12.0pt
* \headsep=25.0pt
* \topskip=12.0pt
* \footskip=30.0pt
* \marginparwidth=35.0pt
* \marginparsep=10.0pt
* \columnsep=10.0pt
* \skip\footins=10.8pt plus 4.0pt minus 2.0pt
* \hoffset=0.0pt
* \voffset=0.0pt
* \mag=1000
* \@twocolumnfalse
* \@twosidefalse
* \@mparswitchfalse
* \@reversemarginfalse
* (1in=72.27pt=25.4mm, 1cm=28.453pt)

\c@mv@tabular=\count414
\c@mv@boldtabular=\count415
(content/0A-coverpage.tex
LaTeX Font Info:    Font shape `T1/XCharter-TLF/m/n' will be
(Font)              scaled to size 14.4pt on input line 17.
LaTeX Font Info:    Trying to load font information for U+msa on input line 21.
 (D:\MiKTeX\tex/latex/amsfonts\umsa.fd
File: umsa.fd 2013/01/14 v3.01 AMS symbols A
)
LaTeX Font Info:    Trying to load font information for U+msb on input line 21.
 (D:\MiKTeX\tex/latex/amsfonts\umsb.fd
File: umsb.fd 2013/01/14 v3.01 AMS symbols B
)
LaTeX Font Info:    Font shape `T1/XCharter-TLF/m/n' will be
(Font)              scaled to size 24.88pt on input line 31.
LaTeX Font Info:    Font shape `T1/XCharter-TLF/b/n' will be
(Font)              scaled to size 24.88pt on input line 31.
 [1

{C:/Users/lilin/AppData/Local/MiKTeX/fonts/map/pdftex/pdftex.map}]) (content/0C-toc.tex
LaTeX Font Info:    Font shape `T1/XCharter-TLF/m/n' will be
(Font)              scaled to size 17.28pt on input line 9.
LaTeX Font Info:    Font shape `T1/XCharter-TLF/b/n' will be
(Font)              scaled to size 17.28pt on input line 9.

No file main.toc.
\tf@toc=\write5
\openout5 = `main.toc'.

[1]) (content/1-abstract.tex
LaTeX Font Info:    Font shape `T1/XCharter-TLF/m/n' will be
(Font)              scaled to size 10.95pt on input line 5.
LaTeX Font Info:    Font shape `T1/XCharter-TLF/b/n' will be
(Font)              scaled to size 10.95pt on input line 5.
) (content/2-introduction.tex
LaTeX Font Info:    Font shape `T1/XCharter-TLF/b/n' will be
(Font)              scaled to size 14.4pt on input line 7.
LaTeX Font Info:    Font shape `T1/XCharter-TLF/m/n' will be
(Font)              scaled to size 8.0pt on input line 8.
LaTeX Font Info:    Font shape `T1/XCharter-TLF/b/n' will be
(Font)              scaled to size 12.0pt on input line 8.
LaTeX Font Info:    Font shape `T1/XCharter-TLF/m/it' will be
(Font)              scaled to size 12.0pt on input line 8.
LaTeX Font Info:    Font shape `T1/XCharter-TLF/m/sc' will be
(Font)              scaled to size 12.0pt on input line 8.
LaTeX Font Info:    Trying to load font information for T1+cmtt on input line 8.
 (D:\MiKTeX\tex/latex/base\t1cmtt.fd
File: t1cmtt.fd 2019/12/16 v2.5j Standard LaTeX font definitions
)
LaTeX Font Info:    Font shape `T1/XCharter-TLF/m/n' will be
(Font)              scaled to size 10.0pt on input line 8.
LaTeX Font Info:    Font shape `T1/XCharter-TLF/m/n' will be
(Font)              scaled to size 7.0pt on input line 8.
) (content/3-RKHS.tex

Package natbib Warning: Citation `debnath2005introduction' on page 1 undefined on input line 8.


Package fancyhdr Warning: \headheight is too small (12.0pt): 
(fancyhdr)                Make it at least 14.49998pt, for example:
(fancyhdr)                \setlength{\headheight}{14.49998pt}.
(fancyhdr)                You might also make \topmargin smaller to compensate:
(fancyhdr)                \addtolength{\topmargin}{-2.49998pt}.

[1]
LaTeX Font Info:    Trying to load font information for TS1+XCharter-TLF on input line 15.
 (D:\MiKTeX\tex/latex/xcharter\ts1xcharter-tlf.fd
File: TS1XCharter-TLF.fd 2020/05/25 (msharpe) Font definitions for TS1/XCharter-TLF.
)
LaTeX Font Info:    Font shape `TS1/XCharter-TLF/m/n' will be
(Font)              scaled to size 12.0pt on input line 15.
<figure/Mapping.png, id=19, 617.80812pt x 283.55937pt>
File: figure/Mapping.png Graphic file (type png)
<use figure/Mapping.png>
Package pdftex.def Info: figure/Mapping.png  used on input line 33.
(pdftex.def)             Requested size: 330.61972pt x 151.75252pt.
LaTeX Font Info:    Font shape `T1/XCharter-TLF/m/n' will be
(Font)              scaled to size 6.0pt on input line 37.

Underfull \hbox (badness 10000) in paragraph at lines 27--39

 []


Package fancyhdr Warning: \headheight is too small (12.0pt): 
(fancyhdr)                Make it at least 14.49998pt, for example:
(fancyhdr)                \setlength{\headheight}{14.49998pt}.
(fancyhdr)                You might also make \topmargin smaller to compensate:
(fancyhdr)                \addtolength{\topmargin}{-2.49998pt}.

[2]
content/3-RKHS.tex:77: Undefined control sequence.
<recently read> \operateorname 
                               
l.77 \end{align*}
                 
The control sequence at the end of the top line
of your error message was never \def'ed. If you have
misspelled it (e.g., `\hobx'), type `I' and the correct
spelling (e.g., `I\hbox'). Otherwise just continue,
and I'll forget about whatever was undefined.

content/3-RKHS.tex:77: Undefined control sequence.
<argument> \operateorname 
                          {argmin}
l.77 \end{align*}
                 
The control sequence at the end of the top line
of your error message was never \def'ed. If you have
misspelled it (e.g., `\hobx'), type `I' and the correct
spelling (e.g., `I\hbox'). Otherwise just continue,
and I'll forget about whatever was undefined.

content/3-RKHS.tex:77: Undefined control sequence.
<argument> \operateorname 
                          {argmin}
l.77 \end{align*}
                 
The control sequence at the end of the top line
of your error message was never \def'ed. If you have
misspelled it (e.g., `\hobx'), type `I' and the correct
spelling (e.g., `I\hbox'). Otherwise just continue,
and I'll forget about whatever was undefined.

content/3-RKHS.tex:77: Undefined control sequence.
<recently read> \operateorname 
                               
l.77 \end{align*}
                 
The control sequence at the end of the top line
of your error message was never \def'ed. If you have
misspelled it (e.g., `\hobx'), type `I' and the correct
spelling (e.g., `I\hbox'). Otherwise just continue,
and I'll forget about whatever was undefined.

content/3-RKHS.tex:77: Undefined control sequence.
<argument> \operateorname 
                          {argmin}
l.77 \end{align*}
                 
The control sequence at the end of the top line
of your error message was never \def'ed. If you have
misspelled it (e.g., `\hobx'), type `I' and the correct
spelling (e.g., `I\hbox'). Otherwise just continue,
and I'll forget about whatever was undefined.

content/3-RKHS.tex:77: Undefined control sequence.
<argument> \operateorname 
                          {argmin}
l.77 \end{align*}
                 
The control sequence at the end of the top line
of your error message was never \def'ed. If you have
misspelled it (e.g., `\hobx'), type `I' and the correct
spelling (e.g., `I\hbox'). Otherwise just continue,
and I'll forget about whatever was undefined.

content/3-RKHS.tex:77: Undefined control sequence.
<recently read> \operateorname 
                               
l.77 \end{align*}
                 
The control sequence at the end of the top line
of your error message was never \def'ed. If you have
misspelled it (e.g., `\hobx'), type `I' and the correct
spelling (e.g., `I\hbox'). Otherwise just continue,
and I'll forget about whatever was undefined.

content/3-RKHS.tex:77: Undefined control sequence.
<argument> \operateorname 
                          {argmin}
l.77 \end{align*}
                 
The control sequence at the end of the top line
of your error message was never \def'ed. If you have
misspelled it (e.g., `\hobx'), type `I' and the correct
spelling (e.g., `I\hbox'). Otherwise just continue,
and I'll forget about whatever was undefined.

content/3-RKHS.tex:77: Undefined control sequence.
<argument> \operateorname 
                          {argmin}
l.77 \end{align*}
                 
The control sequence at the end of the top line
of your error message was never \def'ed. If you have
misspelled it (e.g., `\hobx'), type `I' and the correct
spelling (e.g., `I\hbox'). Otherwise just continue,
and I'll forget about whatever was undefined.

content/3-RKHS.tex:77: Undefined control sequence.
<recently read> \operateorname 
                               
l.77 \end{align*}
                 
The control sequence at the end of the top line
of your error message was never \def'ed. If you have
misspelled it (e.g., `\hobx'), type `I' and the correct
spelling (e.g., `I\hbox'). Otherwise just continue,
and I'll forget about whatever was undefined.

content/3-RKHS.tex:77: Undefined control sequence.
<argument> \operateorname 
                          {argmin}
l.77 \end{align*}
                 
The control sequence at the end of the top line
of your error message was never \def'ed. If you have
misspelled it (e.g., `\hobx'), type `I' and the correct
spelling (e.g., `I\hbox'). Otherwise just continue,
and I'll forget about whatever was undefined.

content/3-RKHS.tex:77: Undefined control sequence.
<argument> \operateorname 
                          {argmin}
l.77 \end{align*}
                 
The control sequence at the end of the top line
of your error message was never \def'ed. If you have
misspelled it (e.g., `\hobx'), type `I' and the correct
spelling (e.g., `I\hbox'). Otherwise just continue,
and I'll forget about whatever was undefined.


Package fancyhdr Warning: \headheight is too small (12.0pt): 
(fancyhdr)                Make it at least 14.49998pt, for example:
(fancyhdr)                \setlength{\headheight}{14.49998pt}.
(fancyhdr)                You might also make \topmargin smaller to compensate:
(fancyhdr)                \addtolength{\topmargin}{-2.49998pt}.

[3 <./figure/Mapping.png>]

Package natbib Warning: Citation `hofmann2008kernel' on page 4 undefined on input line 104.


Package fancyhdr Warning: \headheight is too small (12.0pt): 
(fancyhdr)                Make it at least 14.49998pt, for example:
(fancyhdr)                \setlength{\headheight}{14.49998pt}.
(fancyhdr)                You might also make \topmargin smaller to compensate:
(fancyhdr)                \addtolength{\topmargin}{-2.49998pt}.

[4]
content/3-RKHS.tex:127: Undefined control sequence.
<recently read> \langlef 
                         
l.127 ...mathcal{X}$, $f\in\mathcal{H}$, $\langlef
                                                  (\cdot),k(\cdot,x)\rangle_...
The control sequence at the end of the top line
of your error message was never \def'ed. If you have
misspelled it (e.g., `\hobx'), type `I' and the correct
spelling (e.g., `I\hbox'). Otherwise just continue,
and I'll forget about whatever was undefined.


Package natbib Warning: Citation `scholkopf2001generalized' on page 5 undefined on input line 141.


Package fancyhdr Warning: \headheight is too small (12.0pt): 
(fancyhdr)                Make it at least 14.49998pt, for example:
(fancyhdr)                \setlength{\headheight}{14.49998pt}.
(fancyhdr)                You might also make \topmargin smaller to compensate:
(fancyhdr)                \addtolength{\topmargin}{-2.49998pt}.

[5]

Package natbib Warning: Citation `hofmann2008kernel' on page 6 undefined on input line 162.


Package fancyhdr Warning: \headheight is too small (12.0pt): 
(fancyhdr)                Make it at least 14.49998pt, for example:
(fancyhdr)                \setlength{\headheight}{14.49998pt}.
(fancyhdr)                You might also make \topmargin smaller to compensate:
(fancyhdr)                \addtolength{\topmargin}{-2.49998pt}.

[6]

Package fancyhdr Warning: \headheight is too small (12.0pt): 
(fancyhdr)                Make it at least 14.49998pt, for example:
(fancyhdr)                \setlength{\headheight}{14.49998pt}.
(fancyhdr)                You might also make \topmargin smaller to compensate:
(fancyhdr)                \addtolength{\topmargin}{-2.49998pt}.

[7]

Package fancyhdr Warning: \headheight is too small (12.0pt): 
(fancyhdr)                Make it at least 14.49998pt, for example:
(fancyhdr)                \setlength{\headheight}{14.49998pt}.
(fancyhdr)                You might also make \topmargin smaller to compensate:
(fancyhdr)                \addtolength{\topmargin}{-2.49998pt}.

[8]) (content/4-bayies.tex
Underfull \hbox (badness 10000) in paragraph at lines 6--16

 []


Underfull \hbox (badness 10000) in paragraph at lines 6--16

 []


Underfull \hbox (badness 10000) in paragraph at lines 6--16

 []


Underfull \hbox (badness 10000) in paragraph at lines 6--16

 []


Overfull \hbox (26.80779pt too wide) in paragraph at lines 6--16
\T1/XCharter-TLF/m/n/12 trix. In ad-di-tion, for \T1/XCharter-TLF/b/n/12 y \T1/XCharter-TLF/m/n/12 and \T1/XCharter-TLF/b/n/12 X \T1/XCharter-TLF/m/n/12 data, the er-ror term $\OML/cmm/m/it/12 ^^O \OMS/cmsy/m/n/12 ^^X N\OT1/cmr/m/n/12 ([]\OML/cmm/m/it/12 ; ^^F[]\OT1/cmr/m/n/12 )$\T1/XCharter-TLF/m/n/12 , and $\OML/cmm/m/it/12 ^^F[] \OT1/cmr/m/n/12 = \OML/cmm/m/it/12 diag\OT1/cmr/m/n/12 (\OML/cmm/m/it/12 ^^[[]; ^^[[]; ^^[[]; ::::::; ^^[[]\OT1/cmr/m/n/12 )$\T1/XCharter-TLF/m/n/12 .
 []


Underfull \hbox (badness 10000) in paragraph at lines 6--16

 []


Underfull \hbox (badness 10000) in paragraph at lines 6--16

 []


Package fancyhdr Warning: \headheight is too small (12.0pt): 
(fancyhdr)                Make it at least 14.49998pt, for example:
(fancyhdr)                \setlength{\headheight}{14.49998pt}.
(fancyhdr)                You might also make \topmargin smaller to compensate:
(fancyhdr)                \addtolength{\topmargin}{-2.49998pt}.

[9]
Underfull \hbox (badness 10000) in paragraph at lines 30--33

 []


Overfull \hbox (66.95613pt too wide) in paragraph at lines 38--39
\T1/XCharter-TLF/m/n/12 each $[]\OML/cmm/m/it/12 ; i \OT1/cmr/m/n/12 = 1\OML/cmm/m/it/12 ; \OT1/cmr/m/n/12 2\OML/cmm/m/it/12 ; :::; M; x[] \OMS/cmsy/m/n/12 2 \U/msb/m/n/12 R[]$\T1/XCharter-TLF/m/n/12 , then we can ob-tain a se-ries of $\OML/cmm/m/it/12 f\OT1/cmr/m/n/12 ([]) = (\OML/cmm/m/it/12 f\OT1/cmr/m/n/12 ([])\OML/cmm/m/it/12 ; f\OT1/cmr/m/n/12 ([])\OML/cmm/m/it/12 ; f\OT1/cmr/m/n/12 ([])\OML/cmm/m/it/12 ; ::::::; f\OT1/cmr/m/n/12 ([]))[]$\T1/XCharter-TLF/m/n/12 .
 []


Underfull \hbox (badness 10000) in paragraph at lines 42--51

 []


Overfull \hbox (20.07292pt too wide) in paragraph at lines 42--51
\T1/XCharter-TLF/m/n/12 ac-cord-ing to the Bayesian rule, $\OML/cmm/m/it/12 p\OT1/cmr/m/n/12 ([]\OMS/cmsy/m/n/12 j[]\OML/cmm/m/it/12 ; []; []\OT1/cmr/m/n/12 ) = [][] \OML/cmm/m/it/12 p\OT1/cmr/m/n/12 ([]\OML/cmm/m/it/12 ; ^^R\OMS/cmsy/m/n/12 j[]\OML/cmm/m/it/12 ; []; []\OT1/cmr/m/n/12 )\OML/cmm/m/it/12 d^^R \OT1/cmr/m/n/12 = [][] \OML/cmm/m/it/12 p\OT1/cmr/m/n/12 ([]\OMS/cmsy/m/n/12 j\OML/cmm/m/it/12 ^^R; []\OT1/cmr/m/n/12 )\OML/cmm/m/it/12 p\OT1/cmr/m/n/12 (\OML/cmm/m/it/12 ^^R\OMS/cmsy/m/n/12 j[]\OML/cmm/m/it/12 ; []\OT1/cmr/m/n/12 )\OML/cmm/m/it/12 d^^R$
 []


Underfull \hbox (badness 10000) in paragraph at lines 42--51

 []


Package fancyhdr Warning: \headheight is too small (12.0pt): 
(fancyhdr)                Make it at least 14.49998pt, for example:
(fancyhdr)                \setlength{\headheight}{14.49998pt}.
(fancyhdr)                You might also make \topmargin smaller to compensate:
(fancyhdr)                \addtolength{\topmargin}{-2.49998pt}.

[10]
Underfull \hbox (badness 10000) in paragraph at lines 53--55

 []


Overfull \hbox (39.82866pt too wide) in paragraph at lines 53--55
\T1/XCharter-TLF/m/n/12 Note that au-thors as-sume the vari-ance co-vari-ance ma-trix of er-ror term $\OML/cmm/m/it/12 ^^F[] \OT1/cmr/m/n/12 = \OML/cmm/m/it/12 diag\OT1/cmr/m/n/12 (\OML/cmm/m/it/12 ^^[[]; ^^[[]; ^^[[]; ::::::; ^^[[]\OT1/cmr/m/n/12 )$
 []


Package fancyhdr Warning: \headheight is too small (12.0pt): 
(fancyhdr)                Make it at least 14.49998pt, for example:
(fancyhdr)                \setlength{\headheight}{14.49998pt}.
(fancyhdr)                You might also make \topmargin smaller to compensate:
(fancyhdr)                \addtolength{\topmargin}{-2.49998pt}.

[11]) (content/5-empiricalstudy.tex) (content/7-conclusion.tex) (content/8-bibliography.tex

Package fancyhdr Warning: \headheight is too small (12.0pt): 
(fancyhdr)                Make it at least 14.49998pt, for example:
(fancyhdr)                \setlength{\headheight}{14.49998pt}.
(fancyhdr)                You might also make \topmargin smaller to compensate:
(fancyhdr)                \addtolength{\topmargin}{-2.49998pt}.

[12]
No file main.bbl.
) (content/9A-appendix.tex)

Package natbib Warning: There were undefined citations.


Package fancyhdr Warning: \headheight is too small (12.0pt): 
(fancyhdr)                Make it at least 14.49998pt, for example:
(fancyhdr)                \setlength{\headheight}{14.49998pt}.
(fancyhdr)                You might also make \topmargin smaller to compensate:
(fancyhdr)                \addtolength{\topmargin}{-2.49998pt}.

[1] (main.aux) ) 
Here is how much of TeX's memory you used:
 19937 strings out of 475385
 413039 string characters out of 2793321
 798175 words of memory out of 3000000
 40829 multiletter control sequences out of 15000+600000
 595927 words of font info for 98 fonts, out of 8000000 for 9000
 1141 hyphenation exceptions out of 8191
 105i,18n,107p,1151b,286s stack positions out of 10000i,1000n,20000p,200000b,80000s
{D:/MiKTeX/fonts/enc/dvips/xcharter/xch1_co4ru4.enc} <C:\Users\lilin\AppData\Local\MiKTeX\fonts/pk/ljfour/jknappen/ec/dpi600\ectt1200.pk>{D:/MiKTeX/fonts/enc/dvips/xcharter/xch_yelf2i.enc}{D:/MiKTeX/fonts/enc/dvips/xcharter/xch_rydp4l.enc}<D:/MiKTeX/fonts/type1/public/xcharter/XCharter-Bold.pfb><D:/MiKTeX/fonts/type1/public/xcharter/XCharter-Italic.pfb><D:/MiKTeX/fonts/type1/public/xcharter/XCharter-Roman.pfb><D:/MiKTeX/fonts/type1/public/amsfonts/cmextra/cmbsy8.pfb><D:/MiKTeX/fonts/type1/public/amsfonts/cm/cmbx12.pfb><D:/MiKTeX/fonts/type1/public/amsfonts/cm/cmbx8.pfb><D:/MiKTeX/fonts/type1/public/amsfonts/cm/cmex10.pfb><D:/MiKTeX/fonts/type1/public/amsfonts/cm/cmmi12.pfb><D:/MiKTeX/fonts/type1/public/amsfonts/cm/cmmi6.pfb><D:/MiKTeX/fonts/type1/public/amsfonts/cm/cmmi8.pfb><D:/MiKTeX/fonts/type1/public/amsfonts/cm/cmmib10.pfb><D:/MiKTeX/fonts/type1/public/amsfonts/cmextra/cmmib8.pfb><D:/MiKTeX/fonts/type1/public/amsfonts/cm/cmr12.pfb><D:/MiKTeX/fonts/type1/public/amsfonts/cm/cmr6.pfb><D:/MiKTeX/fonts/type1/public/amsfonts/cm/cmr8.pfb><D:/MiKTeX/fonts/type1/public/amsfonts/cm/cmsy10.pfb><D:/MiKTeX/fonts/type1/public/amsfonts/cm/cmsy6.pfb><D:/MiKTeX/fonts/type1/public/amsfonts/cm/cmsy8.pfb><D:/MiKTeX/fonts/type1/public/amsfonts/symbols/msbm10.pfb>
Output written on main.pdf (15 pages, 483691 bytes).
PDF statistics:
 175 PDF objects out of 1000 (max. 8388607)
 0 named destinations out of 1000 (max. 500000)
 18 words of extra memory for PDF output out of 10000 (max. 10000000)

